<?xml version="1.0" encoding="UTF-8"?>
<!-- Generated by org.testng.reporters.JUnitXMLReporter -->
<testsuite ignored="0" hostname="Subhadeep" failures="0" tests="3" name="Test" time="88.751" errors="0" timestamp="2025-12-12T18:57:13 IST">
  <testcase classname="Lambdatesting.SimpleFromDemo" name="simpleFormDemo" time="21.698"/>
  <testcase classname="Lambdatesting.InputFromSubmit" name="testInputFormSubmit" time="20.255"/>
  <testcase classname="Lambdatesting.DragAndDropSlider" name="dragAndDropSliders" time="46.739"/>
</testsuite> <!-- Test -->
